  cube.cpp
  RayTracingScene.cpp
E:\GraphicProjects\RayTracing\LabFrameWork\RayTracingScene.cpp(45,27): warning C4305: '=': 'double'에서 'float'(으)로 잘립니다.
E:\GraphicProjects\RayTracing\LabFrameWork\RayTracingScene.cpp(55,26): warning C4305: '=': 'double'에서 'float'(으)로 잘립니다.
E:\GraphicProjects\RayTracing\LabFrameWork\RayTracingScene.cpp(65,26): warning C4305: '=': 'double'에서 'float'(으)로 잘립니다.
E:\GraphicProjects\RayTracing\LabFrameWork\RayTracingScene.cpp(75,26): warning C4305: '=': 'double'에서 'float'(으)로 잘립니다.
E:\GraphicProjects\RayTracing\LabFrameWork\RayTracingScene.cpp(85,26): warning C4305: '=': 'double'에서 'float'(으)로 잘립니다.
E:\GraphicProjects\RayTracing\LabFrameWork\RayTracingScene.cpp(97,26): warning C4305: '=': 'double'에서 'float'(으)로 잘립니다.
E:\GraphicProjects\RayTracing\LabFrameWork\RayTracingScene.cpp(109,26): warning C4305: '=': 'double'에서 'float'(으)로 잘립니다.
E:\GraphicProjects\RayTracing\LabFrameWork\RayTracingScene.cpp(190,20): warning C4018: '<': signed 또는 unsigned가 일치하지 않습니다.
E:\GraphicProjects\RayTracing\LabFrameWork\RayTracingScene.cpp(209,20): warning C4018: '<': signed 또는 unsigned가 일치하지 않습니다.
E:\GraphicProjects\RayTracing\LabFrameWork\RayTracingScene.cpp(235,20): warning C4018: '<': signed 또는 unsigned가 일치하지 않습니다.
E:\GraphicProjects\RayTracing\LabFrameWork\RayTracingScene.cpp(252,20): warning C4018: '<': signed 또는 unsigned가 일치하지 않습니다.
  Source.cpp
  Sphere.cpp
  Viewer.cpp
E:\GraphicProjects\RayTracing\LabFrameWork\Viewer.cpp(202,66): warning C4244: '=': 'double'에서 'float'(으)로 변환하면서 데이터가 손실될 수 있습니다.
  코드를 생성하고 있습니다...
glfw3.lib(context.obj) : warning LNK4099: 'glfw.pdb' PDB를 'glfw3.lib(context.obj)' 또는 'E:\GraphicProjects\RayTracing\Debug\glfw.pdb'에서 찾을 수 없습니다. 디버그 정보가 없는 것처럼 개체를 링크합니다.
glfw3.lib(init.obj) : warning LNK4099: 'glfw.pdb' PDB를 'glfw3.lib(init.obj)' 또는 'E:\GraphicProjects\RayTracing\Debug\glfw.pdb'에서 찾을 수 없습니다. 디버그 정보가 없는 것처럼 개체를 링크합니다.
glfw3.lib(input.obj) : warning LNK4099: 'glfw.pdb' PDB를 'glfw3.lib(input.obj)' 또는 'E:\GraphicProjects\RayTracing\Debug\glfw.pdb'에서 찾을 수 없습니다. 디버그 정보가 없는 것처럼 개체를 링크합니다.
glfw3.lib(monitor.obj) : warning LNK4099: 'glfw.pdb' PDB를 'glfw3.lib(monitor.obj)' 또는 'E:\GraphicProjects\RayTracing\Debug\glfw.pdb'에서 찾을 수 없습니다. 디버그 정보가 없는 것처럼 개체를 링크합니다.
glfw3.lib(vulkan.obj) : warning LNK4099: 'glfw.pdb' PDB를 'glfw3.lib(vulkan.obj)' 또는 'E:\GraphicProjects\RayTracing\Debug\glfw.pdb'에서 찾을 수 없습니다. 디버그 정보가 없는 것처럼 개체를 링크합니다.
glfw3.lib(window.obj) : warning LNK4099: 'glfw.pdb' PDB를 'glfw3.lib(window.obj)' 또는 'E:\GraphicProjects\RayTracing\Debug\glfw.pdb'에서 찾을 수 없습니다. 디버그 정보가 없는 것처럼 개체를 링크합니다.
glfw3.lib(win32_init.obj) : warning LNK4099: 'glfw.pdb' PDB를 'glfw3.lib(win32_init.obj)' 또는 'E:\GraphicProjects\RayTracing\Debug\glfw.pdb'에서 찾을 수 없습니다. 디버그 정보가 없는 것처럼 개체를 링크합니다.
glfw3.lib(win32_joystick.obj) : warning LNK4099: 'glfw.pdb' PDB를 'glfw3.lib(win32_joystick.obj)' 또는 'E:\GraphicProjects\RayTracing\Debug\glfw.pdb'에서 찾을 수 없습니다. 디버그 정보가 없는 것처럼 개체를 링크합니다.
glfw3.lib(win32_monitor.obj) : warning LNK4099: 'glfw.pdb' PDB를 'glfw3.lib(win32_monitor.obj)' 또는 'E:\GraphicProjects\RayTracing\Debug\glfw.pdb'에서 찾을 수 없습니다. 디버그 정보가 없는 것처럼 개체를 링크합니다.
glfw3.lib(win32_time.obj) : warning LNK4099: 'glfw.pdb' PDB를 'glfw3.lib(win32_time.obj)' 또는 'E:\GraphicProjects\RayTracing\Debug\glfw.pdb'에서 찾을 수 없습니다. 디버그 정보가 없는 것처럼 개체를 링크합니다.
glfw3.lib(win32_thread.obj) : warning LNK4099: 'glfw.pdb' PDB를 'glfw3.lib(win32_thread.obj)' 또는 'E:\GraphicProjects\RayTracing\Debug\glfw.pdb'에서 찾을 수 없습니다. 디버그 정보가 없는 것처럼 개체를 링크합니다.
glfw3.lib(win32_window.obj) : warning LNK4099: 'glfw.pdb' PDB를 'glfw3.lib(win32_window.obj)' 또는 'E:\GraphicProjects\RayTracing\Debug\glfw.pdb'에서 찾을 수 없습니다. 디버그 정보가 없는 것처럼 개체를 링크합니다.
glfw3.lib(wgl_context.obj) : warning LNK4099: 'glfw.pdb' PDB를 'glfw3.lib(wgl_context.obj)' 또는 'E:\GraphicProjects\RayTracing\Debug\glfw.pdb'에서 찾을 수 없습니다. 디버그 정보가 없는 것처럼 개체를 링크합니다.
glfw3.lib(egl_context.obj) : warning LNK4099: 'glfw.pdb' PDB를 'glfw3.lib(egl_context.obj)' 또는 'E:\GraphicProjects\RayTracing\Debug\glfw.pdb'에서 찾을 수 없습니다. 디버그 정보가 없는 것처럼 개체를 링크합니다.
glfw3.lib(osmesa_context.obj) : warning LNK4099: 'glfw.pdb' PDB를 'glfw3.lib(osmesa_context.obj)' 또는 'E:\GraphicProjects\RayTracing\Debug\glfw.pdb'에서 찾을 수 없습니다. 디버그 정보가 없는 것처럼 개체를 링크합니다.
  labFrameWork.vcxproj -> E:\GraphicProjects\RayTracing\Debug\labFrameWork.exe
