e:\학교\labframework_modelloading (1)\labframework\debug\vc142.pdb
e:\학교\labframework_modelloading (1)\labframework\debug\vc142.idb
e:\학교\labframework_modelloading (1)\labframework\debug\source.obj
e:\학교\labframework_modelloading (1)\labframework\debug\myglwindow.obj
e:\학교\labframework_modelloading (1)\labframework\debug\modelmanager.obj
e:\학교\labframework_modelloading (1)\labframework\debug\mesh.obj
e:\학교\labframework_modelloading (1)\labframework\debug\model3d.obj
e:\학교\labframework_modelloading (1)\labframework\debug\global.obj
e:\학교\labframework_modelloading (1)\labframework\debug\viewer.obj
e:\학교\labframework_modelloading (1)\labframework\debug\cube.obj
e:\학교\labframework_modelloading (1)\labframework\debug\anim3d.obj
e:\학교\labframework_modelloading (1)\labframework\debug\imgui_impl_opengl3.obj
e:\학교\labframework_modelloading (1)\labframework\debug\imgui.obj
e:\학교\labframework_modelloading (1)\labframework\debug\imgui_widgets.obj
e:\학교\labframework_modelloading (1)\debug\labframework.exe
e:\학교\labframework_modelloading (1)\debug\labframework.ilk
e:\학교\labframework_modelloading (1)\debug\labframework.pdb
e:\학교\labframework_modelloading (1)\labframework\debug\labframework.tlog\cl.command.1.tlog
e:\학교\labframework_modelloading (1)\labframework\debug\labframework.tlog\cl.read.1.tlog
e:\학교\labframework_modelloading (1)\labframework\debug\labframework.tlog\cl.write.1.tlog
e:\학교\labframework_modelloading (1)\labframework\debug\labframework.tlog\link.command.1.tlog
e:\학교\labframework_modelloading (1)\labframework\debug\labframework.tlog\link.read.1.tlog
e:\학교\labframework_modelloading (1)\labframework\debug\labframework.tlog\link.write.1.tlog
